<?xml version="1.0" encoding="UTF-8"?>
<!-- Generated by org.testng.reporters.JUnitXMLReporter -->
<testsuite ignored="4" hostname="Balak" failures="0" tests="3" name="CalleyTeamAccountSetup" time="89.059" errors="0" timestamp="2026-07-09T15:54:32 IST">
  <testcase classname="com.calley.automation.tests.LoginTest" name="testUserLogin" time="44.54"/>
  <testcase classname="com.calley.automation.tests.AddAgentTest" name="testAddAgent" time="2.939"/>
  <testcase classname="com.calley.automation.tests.PowerImportCsvUploadTest" name="testPowerImportCsvUpload" time="41.479"/>
  <testcase classname="com.calley.automation.tests.BaseTest" name="@BeforeSuite beforeSuite" time="0.0">
    <ignored/>
  </testcase> <!-- @BeforeSuite beforeSuite -->
  <testcase classname="com.calley.automation.tests.BaseTest" name="@AfterSuite afterSuite" time="0.0">
    <ignored/>
  </testcase> <!-- @AfterSuite afterSuite -->
  <testcase classname="com.calley.automation.tests.BaseTest" name="@BeforeSuite beforeSuite" time="0.0">
    <ignored/>
  </testcase> <!-- @BeforeSuite beforeSuite -->
  <testcase classname="com.calley.automation.tests.BaseTest" name="@AfterSuite afterSuite" time="0.0">
    <ignored/>
  </testcase> <!-- @AfterSuite afterSuite -->
</testsuite> <!-- CalleyTeamAccountSetup -->
