<?xml version="1.0" encoding="UTF-8"?>
<testng-results ignored="0" total="3" passed="3" failed="0" skipped="0">
  <reporter-output>
  </reporter-output>
  <suite started-at="2026-07-09T15:53:03 IST" name="CalleyAutomationSuite" finished-at="2026-07-09T15:54:32 IST" duration-ms="89059">
    <groups>
    </groups>
    <test started-at="2026-07-09T15:53:03 IST" name="CalleyTeamAccountSetup" finished-at="2026-07-09T15:54:32 IST" duration-ms="89059">
      <class name="com.calley.automation.tests.LoginTest">
        <test-method is-config="true" signature="beforeSuite()[pri:0, instance:com.calley.automation.tests.LoginTest@245b4bdc]" started-at="2026-07-09T15:53:00 IST" name="beforeSuite" finished-at="2026-07-09T15:53:03 IST" duration-ms="3001" status="PASS">
          <reporter-output>
          </reporter-output>
        </test-method> <!-- beforeSuite -->
        <test-method is-config="true" signature="setUp()[pri:0, instance:com.calley.automation.tests.LoginTest@245b4bdc]" started-at="2026-07-09T15:53:03 IST" name="setUp" finished-at="2026-07-09T15:53:03 IST" duration-ms="4" status="PASS">
          <reporter-output>
          </reporter-output>
        </test-method> <!-- setUp -->
        <test-method signature="testUserLogin(java.util.Map)[pri:2, instance:com.calley.automation.tests.LoginTest@245b4bdc]" started-at="2026-07-09T15:53:03 IST" name="testUserLogin" description="Log in with valid Calley Teams credentials" data-provider="loginData" finished-at="2026-07-09T15:53:47 IST" duration-ms="44540" status="PASS">
          <params>
            <param index="0">
              <value>
                <![CDATA[{Email=rahul656676@gmail.com, Password=Rahul656676@}]]>
              </value>
            </param>
          </params>
          <reporter-output>
          </reporter-output>
        </test-method> <!-- testUserLogin -->
        <test-method is-config="true" signature="tearDown(org.testng.ITestResult)[pri:0, instance:com.calley.automation.tests.LoginTest@245b4bdc]" started-at="2026-07-09T15:53:47 IST" name="tearDown" finished-at="2026-07-09T15:53:47 IST" duration-ms="3" status="PASS">
          <params>
            <param index="0">
              <value>
                <![CDATA[[TestResult name=testUserLogin status=SUCCESS method=LoginTest.testUserLogin(java.util.Map)[pri:2, instance:com.calley.automation.tests.LoginTest@245b4bdc] output={null}]]]>
              </value>
            </param>
          </params>
          <reporter-output>
          </reporter-output>
        </test-method> <!-- tearDown -->
        <test-method is-config="true" signature="afterSuite()[pri:0, instance:com.calley.automation.tests.LoginTest@245b4bdc]" started-at="2026-07-09T15:54:32 IST" name="afterSuite" finished-at="2026-07-09T15:54:33 IST" duration-ms="1242" status="PASS">
          <reporter-output>
          </reporter-output>
        </test-method> <!-- afterSuite -->
      </class> <!-- com.calley.automation.tests.LoginTest -->
      <class name="com.calley.automation.tests.AddAgentTest">
        <test-method is-config="true" signature="setUp()[pri:0, instance:com.calley.automation.tests.AddAgentTest@3a93b025]" started-at="2026-07-09T15:53:47 IST" name="setUp" finished-at="2026-07-09T15:53:47 IST" duration-ms="1" status="PASS">
          <reporter-output>
          </reporter-output>
        </test-method> <!-- setUp -->
        <test-method signature="testAddAgent(java.util.Map)[pri:3, instance:com.calley.automation.tests.AddAgentTest@3a93b025]" started-at="2026-07-09T15:53:47 IST" name="testAddAgent" data-provider="agentData" finished-at="2026-07-09T15:53:50 IST" duration-ms="2939" status="PASS">
          <params>
            <param index="0">
              <value>
                <![CDATA[{AgentName=Agent 1783592564, AgentEmail=agent1783592564@yopmail.com, AgentPhone=9811101235, AgentPassword=Agent@1234, Role=}]]>
              </value>
            </param>
          </params>
          <reporter-output>
          </reporter-output>
        </test-method> <!-- testAddAgent -->
        <test-method is-config="true" signature="tearDown(org.testng.ITestResult)[pri:0, instance:com.calley.automation.tests.AddAgentTest@3a93b025]" started-at="2026-07-09T15:53:50 IST" name="tearDown" finished-at="2026-07-09T15:53:50 IST" duration-ms="0" status="PASS">
          <params>
            <param index="0">
              <value>
                <![CDATA[[TestResult name=testAddAgent status=SUCCESS method=AddAgentTest.testAddAgent(java.util.Map)[pri:3, instance:com.calley.automation.tests.AddAgentTest@3a93b025] output={null}]]]>
              </value>
            </param>
          </params>
          <reporter-output>
          </reporter-output>
        </test-method> <!-- tearDown -->
      </class> <!-- com.calley.automation.tests.AddAgentTest -->
      <class name="com.calley.automation.tests.PowerImportCsvUploadTest">
        <test-method is-config="true" signature="setUp()[pri:0, instance:com.calley.automation.tests.PowerImportCsvUploadTest@35cabb2a]" started-at="2026-07-09T15:53:50 IST" name="setUp" finished-at="2026-07-09T15:53:50 IST" duration-ms="1" status="PASS">
          <reporter-output>
          </reporter-output>
        </test-method> <!-- setUp -->
        <test-method signature="testPowerImportCsvUpload()[pri:4, instance:com.calley.automation.tests.PowerImportCsvUploadTest@35cabb2a]" started-at="2026-07-09T15:53:50 IST" name="testPowerImportCsvUpload" description="Upload contact list CSV via Call List &gt; Power Import" finished-at="2026-07-09T15:54:32 IST" duration-ms="41479" status="PASS">
          <reporter-output>
          </reporter-output>
        </test-method> <!-- testPowerImportCsvUpload -->
        <test-method is-config="true" signature="tearDown(org.testng.ITestResult)[pri:0, instance:com.calley.automation.tests.PowerImportCsvUploadTest@35cabb2a]" started-at="2026-07-09T15:54:32 IST" name="tearDown" finished-at="2026-07-09T15:54:32 IST" duration-ms="1" status="PASS">
          <params>
            <param index="0">
              <value>
                <![CDATA[[TestResult name=testPowerImportCsvUpload status=SUCCESS method=PowerImportCsvUploadTest.testPowerImportCsvUpload()[pri:4, instance:com.calley.automation.tests.PowerImportCsvUploadTest@35cabb2a] output={null}]]]>
              </value>
            </param>
          </params>
          <reporter-output>
          </reporter-output>
        </test-method> <!-- tearDown -->
      </class> <!-- com.calley.automation.tests.PowerImportCsvUploadTest -->
    </test> <!-- CalleyTeamAccountSetup -->
  </suite> <!-- CalleyAutomationSuite -->
</testng-results>
