<?xml version="1.0" encoding="UTF-8"?>
<testsuite xmlns:xsi="http://www.w3.org/2001/XMLSchema-instance" xsi:noNamespaceSchemaLocation="https://maven.apache.org/surefire/maven-surefire-plugin/xsd/surefire-test-report-3.0.xsd" version="3.0" name="TestSuite" time="94.259" tests="3" errors="0" skipped="0" failures="0">
  <properties>
[...]
</properties>
  <testcase name="testUserLogin[{Email=rahul656676@gmail.com, Password=Rahul656676@}](1)" classname="com.calley.automation.tests.LoginTest" time="44.544">
    <system-err><![CDATA[SLF4J: Failed to load class "org.slf4j.impl.StaticLoggerBinder".
SLF4J: Defaulting to no-operation (NOP) logger implementation
SLF4J: See http://www.slf4j.org/codes.html#StaticLoggerBinder for further details.
Jul 09, 2026 3:53:03 PM org.openqa.selenium.devtools.CdpVersionFinder findNearestMatch
WARNING: Unable to find CDP implementation matching 150
Jul 09, 2026 3:53:03 PM org.openqa.selenium.chromium.ChromiumDriver lambda$new$5
WARNING: Unable to find version of CDP to use for 150.0.7871.100. You may need to include a dependency on a specific version of the CDP using something similar to `org.seleniumhq.selenium:selenium-devtools-v86:4.21.0` where the version ("v86") matches the version of the chromium-based browser you're using and the version number of the artifact is the same as Selenium's.
]]></system-err>
  </testcase>
  <testcase name="testAddAgent[{AgentName=Agent 1783592564, AgentEmail=agent1783592564@yopmail.com, AgentPhone=9811101235, AgentPassword=Agent@1234, Role=}](1)" classname="com.calley.automation.tests.AddAgentTest" time="2.94">
    <system-out><![CDATA[Before Agent Page : https://app.getcalley.com/dashboard_teams.aspx
]]></system-out>
  </testcase>
  <testcase name="testPowerImportCsvUpload" classname="com.calley.automation.tests.PowerImportCsvUploadTest" time="41.48"/>
</testsuite>